{"/home/my/Documents/admin-dashboard/src/App.jsx": {"path":"/home/my/Documents/admin-dashboard/src/App.jsx","statementMap":{"0":{"start":{"line":5,"column":12},"end":{"line":13,"column":1}},"1":{"start":{"line":6,"column":2},"end":{"line":12,"column":4}}},"fnMap":{"0":{"name":"(anonymous_0)","decl":{"start":{"line":5,"column":12},"end":{"line":5,"column":13}},"loc":{"start":{"line":5,"column":18},"end":{"line":13,"column":1}},"line":5}},"branchMap":{},"s":{"0":0,"1":0},"f":{"0":0},"b":{}}
,"/home/my/Documents/admin-dashboard/src/main.jsx": {"path":"/home/my/Documents/admin-dashboard/src/main.jsx","statementMap":{"0":{"start":{"line":7,"column":0},"end":{"line":13,"column":1}}},"fnMap":{},"branchMap":{},"s":{"0":0},"f":{},"b":{}}
,"/home/my/Documents/admin-dashboard/src/components/Dashboard.jsx": {"path":"/home/my/Documents/admin-dashboard/src/components/Dashboard.jsx","statementMap":{"0":{"start":{"line":11,"column":38},"end":{"line":11,"column":53}},"1":{"start":{"line":12,"column":16},"end":{"line":12,"column":26}},"2":{"start":{"line":13,"column":19},"end":{"line":13,"column":62}},"3":{"start":{"line":14,"column":19},"end":{"line":14,"column":32}},"4":{"start":{"line":16,"column":29},"end":{"line":18,"column":3}},"5":{"start":{"line":17,"column":4},"end":{"line":17,"column":31}},"6":{"start":{"line":20,"column":22},"end":{"line":20,"column":114}},"7":{"start":{"line":22,"column":15},"end":{"line":22,"column":54}},"8":{"start":{"line":24,"column":2},"end":{"line":58,"column":4}}},"fnMap":{"0":{"name":"Dashboard","decl":{"start":{"line":10,"column":9},"end":{"line":10,"column":18}},"loc":{"start":{"line":10,"column":21},"end":{"line":59,"column":1}},"line":10},"1":{"name":"(anonymous_1)","decl":{"start":{"line":16,"column":29},"end":{"line":16,"column":30}},"loc":{"start":{"line":16,"column":35},"end":{"line":18,"column":3}},"line":16}},"branchMap":{"0":{"loc":{"start":{"line":26,"column":7},"end":{"line":42,"column":7}},"type":"cond-expr","locations":[{"start":{"line":27,"column":8},"end":{"line":39,"column":17}},{"start":{"line":41,"column":8},"end":{"line":41,"column":19}}],"line":26},"1":{"loc":{"start":{"line":49,"column":9},"end":{"line":55,"column":9}},"type":"binary-expr","locations":[{"start":{"line":49,"column":9},"end":{"line":49,"column":14}},{"start":{"line":50,"column":10},"end":{"line":54,"column":13}}],"line":49}},"s":{"0":0,"1":0,"2":0,"3":0,"4":0,"5":0,"6":0,"7":0,"8":0},"f":{"0":0,"1":0},"b":{"0":[0,0],"1":[0,0]}}
,"/home/my/Documents/admin-dashboard/src/components/Navbar.jsx": {"path":"/home/my/Documents/admin-dashboard/src/components/Navbar.jsx","statementMap":{"0":{"start":{"line":14,"column":15},"end":{"line":107,"column":1}},"1":{"start":{"line":15,"column":16},"end":{"line":15,"column":26}},"2":{"start":{"line":16,"column":19},"end":{"line":16,"column":62}},"3":{"start":{"line":18,"column":2},"end":{"line":106,"column":4}}},"fnMap":{"0":{"name":"(anonymous_0)","decl":{"start":{"line":14,"column":15},"end":{"line":14,"column":16}},"loc":{"start":{"line":14,"column":39},"end":{"line":107,"column":1}},"line":14}},"branchMap":{"0":{"loc":{"start":{"line":33,"column":7},"end":{"line":46,"column":7}},"type":"cond-expr","locations":[{"start":{"line":34,"column":8},"end":{"line":41,"column":21}},{"start":{"line":43,"column":8},"end":{"line":45,"column":21}}],"line":33},"1":{"loc":{"start":{"line":53,"column":14},"end":{"line":53,"column":30}},"type":"cond-expr","locations":[{"start":{"line":53,"column":25},"end":{"line":53,"column":26}},{"start":{"line":53,"column":29},"end":{"line":53,"column":30}}],"line":53},"2":{"loc":{"start":{"line":63,"column":19},"end":{"line":63,"column":45}},"type":"cond-expr","locations":[{"start":{"line":63,"column":30},"end":{"line":63,"column":36}},{"start":{"line":63,"column":39},"end":{"line":63,"column":45}}],"line":63},"3":{"loc":{"start":{"line":65,"column":22},"end":{"line":65,"column":38}},"type":"cond-expr","locations":[{"start":{"line":65,"column":33},"end":{"line":65,"column":34}},{"start":{"line":65,"column":37},"end":{"line":65,"column":38}}],"line":65},"4":{"loc":{"start":{"line":73,"column":21},"end":{"line":73,"column":47}},"type":"cond-expr","locations":[{"start":{"line":73,"column":32},"end":{"line":73,"column":38}},{"start":{"line":73,"column":41},"end":{"line":73,"column":47}}],"line":73}},"s":{"0":0,"1":0,"2":0,"3":0},"f":{"0":0},"b":{"0":[0,0],"1":[0,0],"2":[0,0],"3":[0,0],"4":[0,0]}}
,"/home/my/Documents/admin-dashboard/src/components/Sales_Card.jsx": {"path":"/home/my/Documents/admin-dashboard/src/components/Sales_Card.jsx","statementMap":{"0":{"start":{"line":3,"column":19},"end":{"line":73,"column":1}},"1":{"start":{"line":4,"column":15},"end":{"line":29,"column":3}},"2":{"start":{"line":31,"column":2},"end":{"line":72,"column":4}},"3":{"start":{"line":34,"column":8},"end":{"line":69,"column":14}}},"fnMap":{"0":{"name":"(anonymous_0)","decl":{"start":{"line":3,"column":19},"end":{"line":3,"column":20}},"loc":{"start":{"line":3,"column":25},"end":{"line":73,"column":1}},"line":3},"1":{"name":"(anonymous_1)","decl":{"start":{"line":33,"column":16},"end":{"line":33,"column":17}},"loc":{"start":{"line":34,"column":8},"end":{"line":69,"column":14}},"line":34}},"branchMap":{},"s":{"0":0,"1":0,"2":0,"3":0},"f":{"0":0,"1":0},"b":{}}
,"/home/my/Documents/admin-dashboard/src/components/SideBar.jsx": {"path":"/home/my/Documents/admin-dashboard/src/components/SideBar.jsx","statementMap":{"0":{"start":{"line":11,"column":19},"end":{"line":19,"column":1}},"1":{"start":{"line":22,"column":16},"end":{"line":100,"column":1}},"2":{"start":{"line":23,"column":19},"end":{"line":23,"column":32}},"3":{"start":{"line":24,"column":2},"end":{"line":99,"column":4}},"4":{"start":{"line":44,"column":25},"end":{"line":44,"column":38}},"5":{"start":{"line":72,"column":10},"end":{"line":87,"column":18}},"6":{"start":{"line":86,"column":67},"end":{"line":86,"column":86}}},"fnMap":{"0":{"name":"(anonymous_0)","decl":{"start":{"line":22,"column":16},"end":{"line":22,"column":17}},"loc":{"start":{"line":22,"column":22},"end":{"line":100,"column":1}},"line":22},"1":{"name":"(anonymous_1)","decl":{"start":{"line":44,"column":19},"end":{"line":44,"column":20}},"loc":{"start":{"line":44,"column":25},"end":{"line":44,"column":38}},"line":44},"2":{"name":"(anonymous_2)","decl":{"start":{"line":71,"column":24},"end":{"line":71,"column":25}},"loc":{"start":{"line":72,"column":10},"end":{"line":87,"column":18}},"line":72},"3":{"name":"(anonymous_3)","decl":{"start":{"line":86,"column":61},"end":{"line":86,"column":62}},"loc":{"start":{"line":86,"column":67},"end":{"line":86,"column":86}},"line":86}},"branchMap":{},"s":{"0":0,"1":0,"2":0,"3":0,"4":0,"5":0,"6":0},"f":{"0":0,"1":0,"2":0,"3":0},"b":{}}
,"/home/my/Documents/admin-dashboard/src/components/charts/Customer_Chart.jsx": {"path":"/home/my/Documents/admin-dashboard/src/components/charts/Customer_Chart.jsx","statementMap":{"0":{"start":{"line":4,"column":0},"end":{"line":4,"column":33}},"1":{"start":{"line":6,"column":23},"end":{"line":96,"column":1}},"2":{"start":{"line":7,"column":19},"end":{"line":7,"column":31}},"3":{"start":{"line":9,"column":2},"end":{"line":89,"column":9}},"4":{"start":{"line":10,"column":18},"end":{"line":10,"column":51}},"5":{"start":{"line":11,"column":17},"end":{"line":41,"column":5}},"6":{"start":{"line":43,"column":19},"end":{"line":82,"column":5}},"7":{"start":{"line":84,"column":20},"end":{"line":84,"column":44}},"8":{"start":{"line":86,"column":4},"end":{"line":88,"column":6}},"9":{"start":{"line":87,"column":6},"end":{"line":87,"column":24}},"10":{"start":{"line":91,"column":2},"end":{"line":95,"column":4}}},"fnMap":{"0":{"name":"(anonymous_0)","decl":{"start":{"line":6,"column":23},"end":{"line":6,"column":24}},"loc":{"start":{"line":6,"column":29},"end":{"line":96,"column":1}},"line":6},"1":{"name":"(anonymous_1)","decl":{"start":{"line":9,"column":12},"end":{"line":9,"column":13}},"loc":{"start":{"line":9,"column":18},"end":{"line":89,"column":3}},"line":9},"2":{"name":"(anonymous_2)","decl":{"start":{"line":86,"column":11},"end":{"line":86,"column":12}},"loc":{"start":{"line":86,"column":17},"end":{"line":88,"column":5}},"line":86}},"branchMap":{},"s":{"0":0,"1":0,"2":0,"3":0,"4":0,"5":0,"6":0,"7":0,"8":0,"9":0,"10":0},"f":{"0":0,"1":0,"2":0},"b":{}}
,"/home/my/Documents/admin-dashboard/src/components/charts/Geo_Chart.jsx": {"path":"/home/my/Documents/admin-dashboard/src/components/charts/Geo_Chart.jsx","statementMap":{"0":{"start":{"line":5,"column":18},"end":{"line":35,"column":1}},"1":{"start":{"line":6,"column":27},"end":{"line":11,"column":3}},"2":{"start":{"line":13,"column":21},"end":{"line":13,"column":78}},"3":{"start":{"line":15,"column":2},"end":{"line":34,"column":4}},"4":{"start":{"line":19,"column":10},"end":{"line":30,"column":12}},"5":{"start":{"line":20,"column":30},"end":{"line":20,"column":76}},"6":{"start":{"line":21,"column":12},"end":{"line":29,"column":14}}},"fnMap":{"0":{"name":"(anonymous_0)","decl":{"start":{"line":5,"column":18},"end":{"line":5,"column":19}},"loc":{"start":{"line":5,"column":24},"end":{"line":35,"column":1}},"line":5},"1":{"name":"(anonymous_1)","decl":{"start":{"line":18,"column":9},"end":{"line":18,"column":10}},"loc":{"start":{"line":19,"column":10},"end":{"line":30,"column":12}},"line":19},"2":{"name":"(anonymous_2)","decl":{"start":{"line":19,"column":26},"end":{"line":19,"column":27}},"loc":{"start":{"line":19,"column":35},"end":{"line":30,"column":11}},"line":19}},"branchMap":{"0":{"loc":{"start":{"line":25,"column":33},"end":{"line":25,"column":50}},"type":"cond-expr","locations":[{"start":{"line":25,"column":45},"end":{"line":25,"column":46}},{"start":{"line":25,"column":49},"end":{"line":25,"column":50}}],"line":25}},"s":{"0":0,"1":0,"2":0,"3":0,"4":0,"5":0,"6":0},"f":{"0":0,"1":0,"2":0},"b":{"0":[0,0]}}
,"/home/my/Documents/admin-dashboard/src/components/charts/Product_Chart.jsx": {"path":"/home/my/Documents/admin-dashboard/src/components/charts/Product_Chart.jsx","statementMap":{"0":{"start":{"line":11,"column":29},"end":{"line":19,"column":3}},"1":{"start":{"line":11,"column":75},"end":{"line":19,"column":1}},"2":{"start":{"line":22,"column":2},"end":{"line":22,"column":41}},"3":{"start":{"line":25,"column":13},"end":{"line":30,"column":1}},"4":{"start":{"line":32,"column":22},"end":{"line":71,"column":1}},"5":{"start":{"line":33,"column":19},"end":{"line":33,"column":60}},"6":{"start":{"line":33,"column":49},"end":{"line":33,"column":58}},"7":{"start":{"line":35,"column":2},"end":{"line":70,"column":4}},"8":{"start":{"line":48,"column":12},"end":{"line":65,"column":23}}},"fnMap":{"0":{"name":"(anonymous_0)","decl":{"start":{"line":11,"column":52},"end":{"line":11,"column":53}},"loc":{"start":{"line":11,"column":75},"end":{"line":19,"column":1}},"line":11},"1":{"name":"createData","decl":{"start":{"line":21,"column":9},"end":{"line":21,"column":19}},"loc":{"start":{"line":21,"column":49},"end":{"line":23,"column":1}},"line":21},"2":{"name":"(anonymous_2)","decl":{"start":{"line":32,"column":22},"end":{"line":32,"column":23}},"loc":{"start":{"line":32,"column":28},"end":{"line":71,"column":1}},"line":32},"3":{"name":"(anonymous_3)","decl":{"start":{"line":33,"column":40},"end":{"line":33,"column":41}},"loc":{"start":{"line":33,"column":49},"end":{"line":33,"column":58}},"line":33},"4":{"name":"(anonymous_4)","decl":{"start":{"line":47,"column":20},"end":{"line":47,"column":21}},"loc":{"start":{"line":48,"column":12},"end":{"line":65,"column":23}},"line":48}},"branchMap":{"0":{"loc":{"start":{"line":17,"column":21},"end":{"line":17,"column":55}},"type":"cond-expr","locations":[{"start":{"line":17,"column":34},"end":{"line":17,"column":43}},{"start":{"line":17,"column":46},"end":{"line":17,"column":55}}],"line":17}},"s":{"0":0,"1":0,"2":0,"3":0,"4":0,"5":0,"6":0,"7":0,"8":0},"f":{"0":0,"1":0,"2":0,"3":0,"4":0},"b":{"0":[0,0]}}
,"/home/my/Documents/admin-dashboard/src/components/charts/Revenue_Chart.jsx": {"path":"/home/my/Documents/admin-dashboard/src/components/charts/Revenue_Chart.jsx","statementMap":{"0":{"start":{"line":4,"column":0},"end":{"line":4,"column":33}},"1":{"start":{"line":6,"column":22},"end":{"line":80,"column":1}},"2":{"start":{"line":7,"column":19},"end":{"line":7,"column":31}},"3":{"start":{"line":9,"column":2},"end":{"line":74,"column":9}},"4":{"start":{"line":10,"column":18},"end":{"line":10,"column":51}},"5":{"start":{"line":11,"column":17},"end":{"line":37,"column":5}},"6":{"start":{"line":39,"column":19},"end":{"line":68,"column":5}},"7":{"start":{"line":69,"column":20},"end":{"line":69,"column":44}},"8":{"start":{"line":71,"column":4},"end":{"line":73,"column":6}},"9":{"start":{"line":72,"column":6},"end":{"line":72,"column":24}},"10":{"start":{"line":75,"column":2},"end":{"line":79,"column":4}}},"fnMap":{"0":{"name":"(anonymous_0)","decl":{"start":{"line":6,"column":22},"end":{"line":6,"column":23}},"loc":{"start":{"line":6,"column":28},"end":{"line":80,"column":1}},"line":6},"1":{"name":"(anonymous_1)","decl":{"start":{"line":9,"column":12},"end":{"line":9,"column":13}},"loc":{"start":{"line":9,"column":18},"end":{"line":74,"column":3}},"line":9},"2":{"name":"(anonymous_2)","decl":{"start":{"line":71,"column":11},"end":{"line":71,"column":12}},"loc":{"start":{"line":71,"column":17},"end":{"line":73,"column":5}},"line":71}},"branchMap":{},"s":{"0":0,"1":0,"2":0,"3":0,"4":0,"5":0,"6":0,"7":0,"8":0,"9":0,"10":0},"f":{"0":0,"1":0,"2":0},"b":{}}
,"/home/my/Documents/admin-dashboard/src/components/charts/Target_Chart.jsx": {"path":"/home/my/Documents/admin-dashboard/src/components/charts/Target_Chart.jsx","statementMap":{"0":{"start":{"line":4,"column":0},"end":{"line":4,"column":33}},"1":{"start":{"line":6,"column":21},"end":{"line":68,"column":1}},"2":{"start":{"line":7,"column":19},"end":{"line":7,"column":31}},"3":{"start":{"line":9,"column":2},"end":{"line":62,"column":9}},"4":{"start":{"line":10,"column":18},"end":{"line":10,"column":51}},"5":{"start":{"line":11,"column":17},"end":{"line":29,"column":5}},"6":{"start":{"line":31,"column":19},"end":{"line":56,"column":5}},"7":{"start":{"line":57,"column":20},"end":{"line":57,"column":44}},"8":{"start":{"line":59,"column":4},"end":{"line":61,"column":6}},"9":{"start":{"line":60,"column":6},"end":{"line":60,"column":24}},"10":{"start":{"line":63,"column":2},"end":{"line":67,"column":4}}},"fnMap":{"0":{"name":"(anonymous_0)","decl":{"start":{"line":6,"column":21},"end":{"line":6,"column":22}},"loc":{"start":{"line":6,"column":27},"end":{"line":68,"column":1}},"line":6},"1":{"name":"(anonymous_1)","decl":{"start":{"line":9,"column":12},"end":{"line":9,"column":13}},"loc":{"start":{"line":9,"column":18},"end":{"line":62,"column":3}},"line":9},"2":{"name":"(anonymous_2)","decl":{"start":{"line":59,"column":11},"end":{"line":59,"column":12}},"loc":{"start":{"line":59,"column":17},"end":{"line":61,"column":5}},"line":59}},"branchMap":{},"s":{"0":0,"1":0,"2":0,"3":0,"4":0,"5":0,"6":0,"7":0,"8":0,"9":0,"10":0},"f":{"0":0,"1":0,"2":0},"b":{}}
,"/home/my/Documents/admin-dashboard/src/components/charts/Visitor_Chart.jsx": {"path":"/home/my/Documents/admin-dashboard/src/components/charts/Visitor_Chart.jsx","statementMap":{"0":{"start":{"line":4,"column":0},"end":{"line":4,"column":33}},"1":{"start":{"line":6,"column":22},"end":{"line":102,"column":1}},"2":{"start":{"line":7,"column":19},"end":{"line":7,"column":31}},"3":{"start":{"line":9,"column":2},"end":{"line":92,"column":9}},"4":{"start":{"line":10,"column":21},"end":{"line":10,"column":54}},"5":{"start":{"line":12,"column":17},"end":{"line":50,"column":5}},"6":{"start":{"line":52,"column":19},"end":{"line":85,"column":5}},"7":{"start":{"line":87,"column":20},"end":{"line":87,"column":47}},"8":{"start":{"line":89,"column":4},"end":{"line":91,"column":6}},"9":{"start":{"line":90,"column":6},"end":{"line":90,"column":24}},"10":{"start":{"line":94,"column":2},"end":{"line":101,"column":4}}},"fnMap":{"0":{"name":"(anonymous_0)","decl":{"start":{"line":6,"column":22},"end":{"line":6,"column":23}},"loc":{"start":{"line":6,"column":28},"end":{"line":102,"column":1}},"line":6},"1":{"name":"(anonymous_1)","decl":{"start":{"line":9,"column":12},"end":{"line":9,"column":13}},"loc":{"start":{"line":9,"column":18},"end":{"line":92,"column":3}},"line":9},"2":{"name":"(anonymous_2)","decl":{"start":{"line":89,"column":11},"end":{"line":89,"column":12}},"loc":{"start":{"line":89,"column":17},"end":{"line":91,"column":5}},"line":89}},"branchMap":{},"s":{"0":0,"1":0,"2":0,"3":0,"4":0,"5":0,"6":0,"7":0,"8":0,"9":0,"10":0},"f":{"0":0,"1":0,"2":0},"b":{}}
,"/home/my/Documents/admin-dashboard/src/components/charts/Volume_Chart.jsx": {"path":"/home/my/Documents/admin-dashboard/src/components/charts/Volume_Chart.jsx","statementMap":{"0":{"start":{"line":4,"column":0},"end":{"line":4,"column":33}},"1":{"start":{"line":6,"column":21},"end":{"line":70,"column":1}},"2":{"start":{"line":7,"column":19},"end":{"line":7,"column":31}},"3":{"start":{"line":9,"column":2},"end":{"line":64,"column":9}},"4":{"start":{"line":10,"column":18},"end":{"line":10,"column":51}},"5":{"start":{"line":11,"column":17},"end":{"line":29,"column":5}},"6":{"start":{"line":31,"column":19},"end":{"line":58,"column":5}},"7":{"start":{"line":59,"column":20},"end":{"line":59,"column":44}},"8":{"start":{"line":61,"column":4},"end":{"line":63,"column":6}},"9":{"start":{"line":62,"column":6},"end":{"line":62,"column":24}},"10":{"start":{"line":65,"column":2},"end":{"line":69,"column":4}}},"fnMap":{"0":{"name":"(anonymous_0)","decl":{"start":{"line":6,"column":21},"end":{"line":6,"column":22}},"loc":{"start":{"line":6,"column":27},"end":{"line":70,"column":1}},"line":6},"1":{"name":"(anonymous_1)","decl":{"start":{"line":9,"column":12},"end":{"line":9,"column":13}},"loc":{"start":{"line":9,"column":18},"end":{"line":64,"column":3}},"line":9},"2":{"name":"(anonymous_2)","decl":{"start":{"line":61,"column":11},"end":{"line":61,"column":12}},"loc":{"start":{"line":61,"column":17},"end":{"line":63,"column":5}},"line":61}},"branchMap":{},"s":{"0":0,"1":0,"2":0,"3":0,"4":0,"5":0,"6":0,"7":0,"8":0,"9":0,"10":0},"f":{"0":0,"1":0,"2":0},"b":{}}
,"/home/my/Documents/admin-dashboard/src/components/containers/Container_One.jsx": {"path":"/home/my/Documents/admin-dashboard/src/components/containers/Container_One.jsx","statementMap":{"0":{"start":{"line":5,"column":22},"end":{"line":48,"column":1}},"1":{"start":{"line":6,"column":2},"end":{"line":47,"column":4}}},"fnMap":{"0":{"name":"(anonymous_0)","decl":{"start":{"line":5,"column":22},"end":{"line":5,"column":23}},"loc":{"start":{"line":5,"column":28},"end":{"line":48,"column":1}},"line":5}},"branchMap":{},"s":{"0":0,"1":0},"f":{"0":0},"b":{}}
,"/home/my/Documents/admin-dashboard/src/components/containers/Container_Three.jsx": {"path":"/home/my/Documents/admin-dashboard/src/components/containers/Container_Three.jsx","statementMap":{"0":{"start":{"line":6,"column":24},"end":{"line":52,"column":1}},"1":{"start":{"line":7,"column":2},"end":{"line":51,"column":4}}},"fnMap":{"0":{"name":"(anonymous_0)","decl":{"start":{"line":6,"column":24},"end":{"line":6,"column":25}},"loc":{"start":{"line":6,"column":30},"end":{"line":52,"column":1}},"line":6}},"branchMap":{},"s":{"0":0,"1":0},"f":{"0":0},"b":{}}
,"/home/my/Documents/admin-dashboard/src/components/containers/Container_Two.jsx": {"path":"/home/my/Documents/admin-dashboard/src/components/containers/Container_Two.jsx","statementMap":{"0":{"start":{"line":6,"column":22},"end":{"line":86,"column":1}},"1":{"start":{"line":7,"column":2},"end":{"line":85,"column":4}}},"fnMap":{"0":{"name":"(anonymous_0)","decl":{"start":{"line":6,"column":22},"end":{"line":6,"column":23}},"loc":{"start":{"line":6,"column":28},"end":{"line":86,"column":1}},"line":6}},"branchMap":{},"s":{"0":0,"1":0},"f":{"0":0},"b":{}}
,"/home/my/Documents/admin-dashboard/src/components/pdf/Sales_Pdf_Documnet.jsx": {"path":"/home/my/Documents/admin-dashboard/src/components/pdf/Sales_Pdf_Documnet.jsx","statementMap":{"0":{"start":{"line":4,"column":19},"end":{"line":10,"column":1}},"1":{"start":{"line":13,"column":15},"end":{"line":58,"column":2}},"2":{"start":{"line":63,"column":27},"end":{"line":89,"column":1}},"3":{"start":{"line":64,"column":2},"end":{"line":88,"column":4}},"4":{"start":{"line":70,"column":14},"end":{"line":72,"column":21}},"5":{"start":{"line":77,"column":12},"end":{"line":83,"column":19}}},"fnMap":{"0":{"name":"(anonymous_0)","decl":{"start":{"line":63,"column":27},"end":{"line":63,"column":28}},"loc":{"start":{"line":63,"column":41},"end":{"line":89,"column":1}},"line":63},"1":{"name":"(anonymous_1)","decl":{"start":{"line":69,"column":28},"end":{"line":69,"column":29}},"loc":{"start":{"line":70,"column":14},"end":{"line":72,"column":21}},"line":70},"2":{"name":"(anonymous_2)","decl":{"start":{"line":76,"column":20},"end":{"line":76,"column":21}},"loc":{"start":{"line":77,"column":12},"end":{"line":83,"column":19}},"line":77}},"branchMap":{},"s":{"0":0,"1":0,"2":0,"3":0,"4":0,"5":0},"f":{"0":0,"1":0,"2":0},"b":{}}
,"/home/my/Documents/admin-dashboard/src/csv/DownloadCSV.jsx": {"path":"/home/my/Documents/admin-dashboard/src/csv/DownloadCSV.jsx","statementMap":{"0":{"start":{"line":2,"column":20},"end":{"line":28,"column":1}},"1":{"start":{"line":3,"column":19},"end":{"line":25,"column":3}},"2":{"start":{"line":4,"column":22},"end":{"line":15,"column":17}},"3":{"start":{"line":6,"column":26},"end":{"line":12,"column":7}},"4":{"start":{"line":14,"column":18},"end":{"line":14,"column":31}},"5":{"start":{"line":17,"column":17},"end":{"line":17,"column":60}},"6":{"start":{"line":18,"column":16},"end":{"line":18,"column":41}},"7":{"start":{"line":19,"column":17},"end":{"line":19,"column":44}},"8":{"start":{"line":20,"column":4},"end":{"line":20,"column":20}},"9":{"start":{"line":21,"column":4},"end":{"line":21,"column":29}},"10":{"start":{"line":22,"column":4},"end":{"line":22,"column":36}},"11":{"start":{"line":23,"column":4},"end":{"line":23,"column":17}},"12":{"start":{"line":24,"column":4},"end":{"line":24,"column":36}},"13":{"start":{"line":27,"column":2},"end":{"line":27,"column":20}}},"fnMap":{"0":{"name":"(anonymous_0)","decl":{"start":{"line":2,"column":20},"end":{"line":2,"column":21}},"loc":{"start":{"line":2,"column":44},"end":{"line":28,"column":1}},"line":2},"1":{"name":"(anonymous_1)","decl":{"start":{"line":3,"column":19},"end":{"line":3,"column":20}},"loc":{"start":{"line":3,"column":25},"end":{"line":25,"column":3}},"line":3},"2":{"name":"(anonymous_2)","decl":{"start":{"line":6,"column":18},"end":{"line":6,"column":19}},"loc":{"start":{"line":6,"column":26},"end":{"line":12,"column":7}},"line":6},"3":{"name":"(anonymous_3)","decl":{"start":{"line":14,"column":11},"end":{"line":14,"column":12}},"loc":{"start":{"line":14,"column":18},"end":{"line":14,"column":31}},"line":14}},"branchMap":{},"s":{"0":0,"1":0,"2":0,"3":0,"4":0,"5":0,"6":0,"7":0,"8":0,"9":0,"10":0,"11":0,"12":0,"13":0},"f":{"0":0,"1":0,"2":0,"3":0},"b":{}}
,"/home/my/Documents/admin-dashboard/src/pages/Leaderboard.jsx": {"path":"/home/my/Documents/admin-dashboard/src/pages/Leaderboard.jsx","statementMap":{"0":{"start":{"line":23,"column":18},"end":{"line":94,"column":1}},"1":{"start":{"line":96,"column":29},"end":{"line":99,"column":3}},"2":{"start":{"line":96,"column":50},"end":{"line":99,"column":1}},"3":{"start":{"line":101,"column":20},"end":{"line":274,"column":1}},"4":{"start":{"line":102,"column":34},"end":{"line":102,"column":46}},"5":{"start":{"line":103,"column":42},"end":{"line":103,"column":54}},"6":{"start":{"line":106,"column":22},"end":{"line":112,"column":3}},"7":{"start":{"line":107,"column":4},"end":{"line":111,"column":6}},"8":{"start":{"line":108,"column":6},"end":{"line":110,"column":31}},"9":{"start":{"line":109,"column":40},"end":{"line":109,"column":51}},"10":{"start":{"line":115,"column":29},"end":{"line":126,"column":3}},"11":{"start":{"line":116,"column":19},"end":{"line":116,"column":33}},"12":{"start":{"line":117,"column":4},"end":{"line":117,"column":28}},"13":{"start":{"line":119,"column":4},"end":{"line":125,"column":5}},"14":{"start":{"line":120,"column":6},"end":{"line":120,"column":24}},"15":{"start":{"line":121,"column":11},"end":{"line":125,"column":5}},"16":{"start":{"line":122,"column":6},"end":{"line":122,"column":18}},"17":{"start":{"line":123,"column":10},"end":{"line":125,"column":5}},"18":{"start":{"line":124,"column":6},"end":{"line":124,"column":19}},"19":{"start":{"line":129,"column":20},"end":{"line":143,"column":3}},"20":{"start":{"line":131,"column":6},"end":{"line":133,"column":19}},"21":{"start":{"line":132,"column":36},"end":{"line":132,"column":61}},"22":{"start":{"line":135,"column":17},"end":{"line":135,"column":74}},"23":{"start":{"line":137,"column":17},"end":{"line":137,"column":44}},"24":{"start":{"line":138,"column":4},"end":{"line":138,"column":42}},"25":{"start":{"line":139,"column":4},"end":{"line":139,"column":44}},"26":{"start":{"line":140,"column":4},"end":{"line":140,"column":36}},"27":{"start":{"line":141,"column":4},"end":{"line":141,"column":17}},"28":{"start":{"line":142,"column":4},"end":{"line":142,"column":36}},"29":{"start":{"line":146,"column":20},"end":{"line":169,"column":3}},"30":{"start":{"line":148,"column":6},"end":{"line":150,"column":19}},"31":{"start":{"line":149,"column":36},"end":{"line":149,"column":61}},"32":{"start":{"line":154,"column":20},"end":{"line":154,"column":33}},"33":{"start":{"line":155,"column":20},"end":{"line":155,"column":68}},"34":{"start":{"line":160,"column":17},"end":{"line":160,"column":65}},"35":{"start":{"line":161,"column":17},"end":{"line":161,"column":44}},"36":{"start":{"line":162,"column":4},"end":{"line":162,"column":42}},"37":{"start":{"line":163,"column":4},"end":{"line":163,"column":37}},"38":{"start":{"line":164,"column":4},"end":{"line":164,"column":36}},"39":{"start":{"line":165,"column":4},"end":{"line":165,"column":17}},"40":{"start":{"line":166,"column":4},"end":{"line":166,"column":36}},"41":{"start":{"line":171,"column":22},"end":{"line":193,"column":3}},"42":{"start":{"line":172,"column":22},"end":{"line":183,"column":17}},"43":{"start":{"line":174,"column":31},"end":{"line":180,"column":7}},"44":{"start":{"line":182,"column":18},"end":{"line":182,"column":31}},"45":{"start":{"line":185,"column":17},"end":{"line":185,"column":60}},"46":{"start":{"line":186,"column":16},"end":{"line":186,"column":41}},"47":{"start":{"line":187,"column":17},"end":{"line":187,"column":44}},"48":{"start":{"line":188,"column":4},"end":{"line":188,"column":20}},"49":{"start":{"line":189,"column":4},"end":{"line":189,"column":38}},"50":{"start":{"line":190,"column":4},"end":{"line":190,"column":36}},"51":{"start":{"line":191,"column":4},"end":{"line":191,"column":17}},"52":{"start":{"line":192,"column":4},"end":{"line":192,"column":36}},"53":{"start":{"line":196,"column":2},"end":{"line":273,"column":4}},"54":{"start":{"line":254,"column":14},"end":{"line":267,"column":25}},"55":{"start":{"line":258,"column":36},"end":{"line":258,"column":55}}},"fnMap":{"0":{"name":"(anonymous_0)","decl":{"start":{"line":96,"column":43},"end":{"line":96,"column":44}},"loc":{"start":{"line":96,"column":50},"end":{"line":99,"column":1}},"line":96},"1":{"name":"(anonymous_1)","decl":{"start":{"line":101,"column":20},"end":{"line":101,"column":21}},"loc":{"start":{"line":101,"column":26},"end":{"line":274,"column":1}},"line":101},"2":{"name":"(anonymous_2)","decl":{"start":{"line":106,"column":22},"end":{"line":106,"column":23}},"loc":{"start":{"line":106,"column":30},"end":{"line":112,"column":3}},"line":106},"3":{"name":"(anonymous_3)","decl":{"start":{"line":107,"column":16},"end":{"line":107,"column":17}},"loc":{"start":{"line":108,"column":6},"end":{"line":110,"column":31}},"line":108},"4":{"name":"(anonymous_4)","decl":{"start":{"line":109,"column":30},"end":{"line":109,"column":31}},"loc":{"start":{"line":109,"column":40},"end":{"line":109,"column":51}},"line":109},"5":{"name":"(anonymous_5)","decl":{"start":{"line":115,"column":29},"end":{"line":115,"column":30}},"loc":{"start":{"line":115,"column":42},"end":{"line":126,"column":3}},"line":115},"6":{"name":"(anonymous_6)","decl":{"start":{"line":129,"column":20},"end":{"line":129,"column":21}},"loc":{"start":{"line":129,"column":32},"end":{"line":143,"column":3}},"line":129},"7":{"name":"(anonymous_7)","decl":{"start":{"line":132,"column":27},"end":{"line":132,"column":28}},"loc":{"start":{"line":132,"column":36},"end":{"line":132,"column":61}},"line":132},"8":{"name":"(anonymous_8)","decl":{"start":{"line":146,"column":20},"end":{"line":146,"column":21}},"loc":{"start":{"line":146,"column":26},"end":{"line":169,"column":3}},"line":146},"9":{"name":"(anonymous_9)","decl":{"start":{"line":149,"column":27},"end":{"line":149,"column":28}},"loc":{"start":{"line":149,"column":36},"end":{"line":149,"column":61}},"line":149},"10":{"name":"(anonymous_10)","decl":{"start":{"line":171,"column":22},"end":{"line":171,"column":23}},"loc":{"start":{"line":171,"column":28},"end":{"line":193,"column":3}},"line":171},"11":{"name":"(anonymous_11)","decl":{"start":{"line":174,"column":23},"end":{"line":174,"column":24}},"loc":{"start":{"line":174,"column":31},"end":{"line":180,"column":7}},"line":174},"12":{"name":"(anonymous_12)","decl":{"start":{"line":182,"column":11},"end":{"line":182,"column":12}},"loc":{"start":{"line":182,"column":18},"end":{"line":182,"column":31}},"line":182},"13":{"name":"(anonymous_13)","decl":{"start":{"line":253,"column":27},"end":{"line":253,"column":28}},"loc":{"start":{"line":254,"column":14},"end":{"line":267,"column":25}},"line":254},"14":{"name":"(anonymous_14)","decl":{"start":{"line":258,"column":30},"end":{"line":258,"column":31}},"loc":{"start":{"line":258,"column":36},"end":{"line":258,"column":55}},"line":258}},"branchMap":{"0":{"loc":{"start":{"line":108,"column":6},"end":{"line":110,"column":31}},"type":"cond-expr","locations":[{"start":{"line":109,"column":10},"end":{"line":109,"column":52}},{"start":{"line":110,"column":10},"end":{"line":110,"column":31}}],"line":108},"1":{"loc":{"start":{"line":119,"column":4},"end":{"line":125,"column":5}},"type":"if","locations":[{"start":{"line":119,"column":4},"end":{"line":125,"column":5}},{"start":{"line":121,"column":11},"end":{"line":125,"column":5}}],"line":119},"2":{"loc":{"start":{"line":121,"column":11},"end":{"line":125,"column":5}},"type":"if","locations":[{"start":{"line":121,"column":11},"end":{"line":125,"column":5}},{"start":{"line":123,"column":10},"end":{"line":125,"column":5}}],"line":121},"3":{"loc":{"start":{"line":123,"column":10},"end":{"line":125,"column":5}},"type":"if","locations":[{"start":{"line":123,"column":10},"end":{"line":125,"column":5}},{"start":{},"end":{}}],"line":123},"4":{"loc":{"start":{"line":131,"column":6},"end":{"line":133,"column":19}},"type":"cond-expr","locations":[{"start":{"line":132,"column":10},"end":{"line":132,"column":62}},{"start":{"line":133,"column":10},"end":{"line":133,"column":19}}],"line":131},"5":{"loc":{"start":{"line":148,"column":6},"end":{"line":150,"column":19}},"type":"cond-expr","locations":[{"start":{"line":149,"column":10},"end":{"line":149,"column":62}},{"start":{"line":150,"column":10},"end":{"line":150,"column":19}}],"line":148}},"s":{"0":0,"1":0,"2":0,"3":0,"4":0,"5":0,"6":0,"7":0,"8":0,"9":0,"10":0,"11":0,"12":0,"13":0,"14":0,"15":0,"16":0,"17":0,"18":0,"19":0,"20":0,"21":0,"22":0,"23":0,"24":0,"25":0,"26":0,"27":0,"28":0,"29":0,"30":0,"31":0,"32":0,"33":0,"34":0,"35":0,"36":0,"37":0,"38":0,"39":0,"40":0,"41":0,"42":0,"43":0,"44":0,"45":0,"46":0,"47":0,"48":0,"49":0,"50":0,"51":0,"52":0,"53":0,"54":0,"55":0},"f":{"0":0,"1":0,"2":0,"3":0,"4":0,"5":0,"6":0,"7":0,"8":0,"9":0,"10":0,"11":0,"12":0,"13":0,"14":0},"b":{"0":[0,0],"1":[0,0],"2":[0,0],"3":[0,0],"4":[0,0],"5":[0,0]}}
}
